<?xml version="1.0" encoding="UTF-8"?>
<testsuite xmlns:xsi="http://www.w3.org/2001/XMLSchema-instance" xsi:noNamespaceSchemaLocation="https://maven.apache.org/surefire/maven-surefire-plugin/xsd/surefire-test-report-3.0.xsd" version="3.0" name="com.library.util.DatabaseConnectionTest" time="0.408" tests="3" errors="0" skipped="0" failures="0">
  <properties>
[...]
</properties>
  <testcase name="testSingletonInstance" classname="com.library.util.DatabaseConnectionTest" time="0.357">
    <system-out><![CDATA[✅ Connexion DB établie!
]]></system-out>
  </testcase>
  <testcase name="testIsConnected" classname="com.library.util.DatabaseConnectionTest" time="0.003"/>
  <testcase name="testGetConnection" classname="com.library.util.DatabaseConnectionTest" time="0.005"/>
</testsuite>